2020-07-05 16:27:17 INFO  MongoDB is connected 
2020-07-05 16:27:17 INFO  Environment : DEV 
2020-07-05 16:27:17 INFO  Server is up on port3000 
2020-07-05 16:27:17 INFO  MongoDB is connected 
2020-07-05 16:28:04 INFO  MongoDB is connected 
2020-07-05 16:28:04 INFO  Environment : DEV 
2020-07-05 16:28:04 INFO  Server is up on port3000 
2020-07-05 16:28:17 INFO  MongoDB is connected 
2020-07-05 16:28:17 INFO  Environment : DEV 
2020-07-05 16:28:17 INFO  Server is up on port3000 
2020-07-05 16:28:17 INFO  MongoDB is connected 
2020-07-05 16:28:31 INFO  MongoDB is connected 
2020-07-05 16:28:31 INFO  Environment : DEV 
2020-07-05 16:28:31 INFO  Server is up on port3000 
2020-07-05 16:28:31 INFO  MongoDB is connected 
2020-07-05 16:28:54 INFO  MongoDB is connected 
2020-07-05 16:28:54 INFO  MongoDB is connected 
2020-07-05 16:28:54 INFO  Environment : DEV 
2020-07-05 16:28:54 INFO  Server is up on port : 3000 
2020-07-05 16:29:07 INFO  MongoDB is connected 
2020-07-05 16:29:07 INFO  Server is up on port : 3000 
2020-07-05 16:29:07 INFO  MongoDB is connected 
2020-07-05 16:30:08 INFO  MongoDB is connected 
2020-07-05 16:30:08 INFO  Server is up on port : 3000 
2020-07-05 16:30:09 INFO  MongoDB is connected 
2020-07-05 16:30:28 INFO  MongoDB is connected 
2020-07-05 16:30:28 INFO  Server is up on port : 3000 
2020-07-05 16:30:29 INFO  MongoDB is connected 
2020-07-05 16:33:33 INFO  MongoDB is connected 
2020-07-05 16:33:33 INFO  MongoDB is connected 
2020-07-05 16:33:33 INFO  Server is up on port : 3000 
2020-07-05 16:34:28 INFO  MongoDB is connected 
2020-07-05 16:34:28 INFO  Server is up on port : 3000 
2020-07-05 16:34:29 INFO  MongoDB is connected 
2020-07-05 16:34:40 INFO  MongoDB is connected 
2020-07-05 16:40:29 INFO  MongoDB is connected 
2020-07-05 16:40:29 INFO  Server is up on port : 3000 
2020-07-05 16:42:35 INFO  MongoDB is connected 
2020-07-05 16:42:35 INFO  Server is up on port : 3000 
2020-07-05 16:42:35 INFO  MongoDB is connected 
2020-07-05 16:42:48 INFO  MongoDB is connected 
2020-07-05 16:42:48 INFO  Server is up on port : 3000 
2020-07-05 16:42:48 INFO  MongoDB is connected 
2020-07-05 16:43:03 INFO  MongoDB is connected 
2020-07-05 16:43:03 INFO  Server is up on port : 3000 
2020-07-05 16:43:03 INFO  MongoDB is connected 
2020-07-05 16:43:13 INFO  MongoDB is connected 
2020-07-05 16:43:13 INFO  Server is up on port : 3000 
2020-07-05 16:43:29 INFO  MongoDB is connected 
2020-07-05 16:43:40 INFO  MongoDB is connected 
2020-07-05 16:43:40 INFO  Server is up on port : 3000 
2020-07-05 16:43:48 INFO  MongoDB is connected 
2020-07-05 18:28:50 INFO  MongoDB is connected 
2020-07-05 18:28:51 INFO  Server is up on port : 3000 
2020-07-05 18:30:40 INFO  MongoDB is connected 
2020-07-05 18:30:40 INFO  Server is up on port : 3000 
2020-07-05 18:32:29 INFO  MongoDB is connected 
2020-07-05 18:32:29 INFO  Server is up on port : 3000 
2020-07-05 18:34:17 INFO  MongoDB is connected 
2020-07-05 18:34:17 INFO  Server is up on port : 3000 
2020-07-05 18:59:08 INFO  MongoDB is connected 
2020-07-05 18:59:08 INFO  Server is up on port : 3000 
2020-07-05 19:01:38 INFO  MongoDB is connected 
2020-07-05 19:01:38 INFO  Server is up on port : 3000 
2020-07-05 19:04:42 INFO  MongoDB is connected 
2020-07-05 19:04:42 INFO  Server is up on port : 3000 
2020-07-05 19:05:40 INFO  MongoDB is connected 
2020-07-05 19:05:40 INFO  Server is up on port : 3000 
2020-07-05 19:06:41 INFO  MongoDB is connected 
2020-07-05 19:06:41 INFO  MongoDB is connected 
2020-07-05 19:06:41 INFO  Server is up on port : 3000 
2020-07-05 19:06:51 INFO  MongoDB is connected 
2020-07-05 19:06:51 INFO  Server is up on port : 3000 
2020-07-05 19:06:52 INFO  MongoDB is connected 
2020-07-05 19:07:07 INFO  MongoDB is connected 
2020-07-05 19:07:07 INFO  Server is up on port : 3000 
2020-07-05 19:07:07 INFO  MongoDB is connected 
2020-07-05 19:10:50 INFO  MongoDB is connected 
2020-07-05 19:10:50 INFO  MongoDB is connected 
2020-07-05 19:10:50 INFO  Server is up on port : 3000 
2020-07-05 19:14:21 INFO  MongoDB is connected 
2020-07-05 19:14:21 INFO  Server is up on port : 3000 
2020-07-05 19:14:22 INFO  MongoDB is connected 
2020-07-05 19:14:36 INFO  MongoDB is connected 
2020-07-05 19:14:36 INFO  MongoDB is connected 
2020-07-05 19:14:36 INFO  Server is up on port : 3000 
2020-07-05 19:40:08 INFO  MongoDB is connected 
2020-07-05 19:40:08 INFO  Server is up on port : 3000 
2020-07-05 19:40:09 INFO  MongoDB is connected 
2020-07-05 19:43:09 INFO  MongoDB connection unsuccessful, retry after 2 seconds. 
2020-07-05 19:43:09 INFO  MongoDB connection unsuccessful, retry after 2 seconds. 
2020-07-05 19:43:11 INFO  MongoDB connection unsuccessful, retry after 2 seconds. 
2020-07-05 19:43:11 INFO  MongoDB connection unsuccessful, retry after 2 seconds. 
2020-07-05 19:43:13 INFO  MongoDB connection unsuccessful, retry after 2 seconds. 
2020-07-05 19:43:13 INFO  MongoDB connection unsuccessful, retry after 2 seconds. 
2020-07-05 19:43:15 INFO  MongoDB connection unsuccessful, retry after 2 seconds. 
2020-07-05 19:43:15 INFO  MongoDB connection unsuccessful, retry after 2 seconds. 
2020-07-05 19:43:17 INFO  MongoDB connection unsuccessful, retry after 2 seconds. 
2020-07-05 19:43:17 INFO  MongoDB connection unsuccessful, retry after 2 seconds. 
2020-07-05 19:43:19 INFO  MongoDB connection unsuccessful, retry after 2 seconds. 
2020-07-05 19:43:19 INFO  MongoDB connection unsuccessful, retry after 2 seconds. 
2020-07-05 19:43:21 INFO  MongoDB connection unsuccessful, retry after 2 seconds. 
2020-07-05 19:43:21 INFO  MongoDB connection unsuccessful, retry after 2 seconds. 
2020-07-05 19:43:23 INFO  MongoDB connection unsuccessful, retry after 2 seconds. 
2020-07-05 19:43:23 INFO  MongoDB connection unsuccessful, retry after 2 seconds. 
2020-07-05 19:43:25 INFO  MongoDB connection unsuccessful, retry after 2 seconds. 
2020-07-05 19:43:25 INFO  MongoDB connection unsuccessful, retry after 2 seconds. 
2020-07-05 19:43:27 INFO  MongoDB connection unsuccessful, retry after 2 seconds. 
2020-07-05 19:43:27 INFO  MongoDB connection unsuccessful, retry after 2 seconds. 
2020-07-05 19:43:29 INFO  MongoDB connection unsuccessful, retry after 2 seconds. 
2020-07-05 19:43:29 INFO  MongoDB connection unsuccessful, retry after 2 seconds. 
2020-07-05 19:43:31 INFO  MongoDB connection unsuccessful, retry after 2 seconds. 
2020-07-05 19:43:31 INFO  MongoDB connection unsuccessful, retry after 2 seconds. 
2020-07-05 19:43:33 INFO  MongoDB connection unsuccessful, retry after 2 seconds. 
2020-07-05 19:43:33 INFO  MongoDB connection unsuccessful, retry after 2 seconds. 
2020-07-05 19:43:35 INFO  MongoDB connection unsuccessful, retry after 2 seconds. 
2020-07-05 19:43:35 INFO  MongoDB connection unsuccessful, retry after 2 seconds. 
2020-07-05 19:43:37 INFO  MongoDB connection unsuccessful, retry after 2 seconds. 
2020-07-05 19:43:37 INFO  MongoDB connection unsuccessful, retry after 2 seconds. 
2020-07-05 19:43:39 INFO  MongoDB connection unsuccessful, retry after 2 seconds. 
2020-07-05 19:43:39 INFO  MongoDB connection unsuccessful, retry after 2 seconds. 
2020-07-05 19:43:41 INFO  MongoDB connection unsuccessful, retry after 2 seconds. 
2020-07-05 19:43:41 INFO  MongoDB connection unsuccessful, retry after 2 seconds. 
2020-07-05 19:43:43 INFO  MongoDB connection unsuccessful, retry after 2 seconds. 
2020-07-05 19:43:43 INFO  MongoDB connection unsuccessful, retry after 2 seconds. 
2020-07-05 19:43:45 INFO  MongoDB connection unsuccessful, retry after 2 seconds. 
2020-07-05 19:43:45 INFO  MongoDB connection unsuccessful, retry after 2 seconds. 
2020-07-05 19:43:47 INFO  MongoDB connection unsuccessful, retry after 2 seconds. 
2020-07-05 19:43:47 INFO  MongoDB connection unsuccessful, retry after 2 seconds. 
2020-07-05 19:43:49 INFO  MongoDB connection unsuccessful, retry after 2 seconds. 
2020-07-05 19:43:49 INFO  MongoDB connection unsuccessful, retry after 2 seconds. 
2020-07-05 19:43:51 INFO  MongoDB connection unsuccessful, retry after 2 seconds. 
2020-07-05 19:43:51 INFO  MongoDB connection unsuccessful, retry after 2 seconds. 
2020-07-05 19:43:53 INFO  MongoDB connection unsuccessful, retry after 2 seconds. 
2020-07-05 19:43:53 INFO  MongoDB connection unsuccessful, retry after 2 seconds. 
2020-07-05 19:43:55 INFO  MongoDB connection unsuccessful, retry after 2 seconds. 
2020-07-05 19:43:55 INFO  MongoDB connection unsuccessful, retry after 2 seconds. 
2020-07-05 19:43:57 INFO  MongoDB connection unsuccessful, retry after 2 seconds. 
2020-07-05 19:43:57 INFO  MongoDB connection unsuccessful, retry after 2 seconds. 
2020-07-05 19:43:59 INFO  MongoDB connection unsuccessful, retry after 2 seconds. 
2020-07-05 19:43:59 INFO  MongoDB connection unsuccessful, retry after 2 seconds. 
2020-07-05 19:44:01 INFO  MongoDB connection unsuccessful, retry after 2 seconds. 
2020-07-05 19:44:01 INFO  MongoDB connection unsuccessful, retry after 2 seconds. 
2020-07-05 19:44:03 INFO  MongoDB connection unsuccessful, retry after 2 seconds. 
2020-07-05 19:44:03 INFO  MongoDB connection unsuccessful, retry after 2 seconds. 
2020-07-05 19:44:05 INFO  MongoDB connection unsuccessful, retry after 2 seconds. 
2020-07-05 19:44:05 INFO  MongoDB connection unsuccessful, retry after 2 seconds. 
2020-07-05 19:44:08 INFO  MongoDB is connected 
2020-07-05 19:44:08 INFO  Server is up on port : 3000 
2020-07-05 19:44:08 INFO  MongoDB is connected 
2020-07-05 19:46:32 INFO  MongoDB is connected 
2020-07-05 19:46:32 INFO  Server is up on port : 3000 
2020-07-05 19:46:32 INFO  MongoDB is connected 
2020-07-05 19:53:12 INFO  MongoDB is connected 
2020-07-05 19:53:12 INFO  MongoDB is connected 
2020-07-05 19:53:12 INFO  Server is up on port : 3000 
2020-07-05 20:03:11 INFO  MongoDB is connected 
2020-07-05 20:04:15 INFO  MongoDB is connected 
2020-07-05 20:04:15 INFO  Server is up on port : 3000 
2020-07-05 20:07:57 INFO  MongoDB is connected 
2020-07-05 20:07:57 INFO  Server is up on port : 3000 
2020-07-05 20:13:05 INFO  MongoDB is connected 
2020-07-05 20:13:05 INFO  Server is up on port : 3000 
2020-07-05 20:14:57 INFO  MongoDB is connected 
2020-07-05 20:14:57 INFO  Server is up on port : 3000 
2020-07-05 20:18:27 INFO  MongoDB is connected 
2020-07-05 20:18:27 INFO  Server is up on port : 3000 
2020-07-05 20:19:42 INFO  MongoDB is connected 
2020-07-05 20:19:42 INFO  Server is up on port : 3000 
2020-07-05 20:21:10 INFO  MongoDB is connected 
2020-07-05 20:21:10 INFO  Server is up on port : 3000 
2020-07-05 20:23:26 INFO  MongoDB is connected 
2020-07-05 20:23:26 INFO  Server is up on port : 3000 
2020-07-05 20:26:39 INFO  MongoDB is connected 
2020-07-05 20:26:39 INFO  Server is up on port : 3000 
2020-07-05 20:30:34 INFO  MongoDB is connected 
2020-07-05 20:30:34 INFO  Server is up on port : 3000 
2020-07-05 20:39:06 INFO  MongoDB is connected 
2020-07-05 20:39:06 INFO  Server is up on port : 3000 
2020-07-05 20:41:17 INFO  MongoDB is connected 
2020-07-05 20:41:17 INFO  Server is up on port : 3000 
2020-07-05 20:51:24 INFO  MongoDB is connected 
2020-07-05 20:51:25 INFO  Server is up on port : 3000 
2020-07-05 21:27:08 INFO  MongoDB is connected 
2020-07-05 21:27:08 INFO  Server is up on port : 3000 
2020-07-06 17:40:20 INFO  MongoDB is connected 
2020-07-06 17:41:26 INFO  MongoDB is connected 
2020-07-08 15:13:46 INFO  MongoDB is connected 
2020-07-08 15:13:46 INFO  Server is up on port : 3000 
